<?xml version="1.0" encoding="UTF-8"?>
<testng-results skipped="0" failed="0" total="1" passed="1">
  <reporter-output>
  </reporter-output>
  <suite name="Default suite" duration-ms="5246" started-at="2019-10-30T10:17:59Z" finished-at="2019-10-30T10:18:05Z">
    <groups>
    </groups>
    <test name="Default test" duration-ms="5246" started-at="2019-10-30T10:17:59Z" finished-at="2019-10-30T10:18:05Z">
      <class name="RestAssured.APIautomation.blocktweet">
        <test-method status="PASS" signature="start()[pri:0, instance:RestAssured.APIautomation.blocktweet@39aeed2f]" name="start" duration-ms="5215" started-at="2019-10-30T15:47:59Z" finished-at="2019-10-30T15:48:05Z">
          <reporter-output>
          </reporter-output>
        </test-method> <!-- start -->
      </class> <!-- RestAssured.APIautomation.blocktweet -->
    </test> <!-- Default test -->
  </suite> <!-- Default suite -->
</testng-results>
